[0m17:53:41.295862 [debug] [MainThread]: Sending event: {'category': 'dbt', 'action': 'invocation', 'label': 'start', 'context': [<snowplow_tracker.self_describing_json.SelfDescribingJson object at 0x000001968D19C080>, <snowplow_tracker.self_describing_json.SelfDescribingJson object at 0x000001968B00B0E0>, <snowplow_tracker.self_describing_json.SelfDescribingJson object at 0x000001968D1CA450>]}


============================== 17:53:41.320843 | ec4d0ed4-da91-49fb-8112-1a85c096f8ab ==============================
[0m17:53:41.320843 [info ] [MainThread]: Running with dbt=1.8.8
[0m17:53:41.320843 [debug] [MainThread]: running dbt with arguments {'printer_width': '80', 'indirect_selection': 'eager', 'write_json': 'True', 'log_cache_events': 'False', 'partial_parse': 'True', 'cache_selected_only': 'False', 'warn_error': 'None', 'version_check': 'True', 'debug': 'False', 'log_path': 'logs', 'profiles_dir': 'C:\\Users\\matia\\.dbt', 'fail_fast': 'False', 'use_colors': 'True', 'use_experimental_parser': 'False', 'empty': 'None', 'quiet': 'False', 'no_print': 'None', 'log_format': 'default', 'static_parser': 'True', 'warn_error_options': 'WarnErrorOptions(include=[], exclude=[])', 'invocation_command': 'dbt init fx_volatility', 'target_path': 'None', 'introspect': 'True', 'send_anonymous_usage_stats': 'True'}
[0m17:53:41.571187 [warn ] [MainThread]: [ConfigFolderDirectory]: Unable to parse dict {'dir': WindowsPath('C:/Users/matia/.dbt')}
[0m17:53:41.571187 [info ] [MainThread]: Creating dbt configuration folder at 
[0m17:53:41.584379 [debug] [MainThread]: Starter project path: A:\fx-volatility-tracker\.venv\Lib\site-packages\dbt\include\starter_project
[0m17:53:41.626233 [info ] [MainThread]: 
Your new dbt project "fx_volatility" was created!

For more information on how to configure the profiles.yml file,
please consult the dbt documentation here:

  https://docs.getdbt.com/docs/configure-your-profile

One more thing:

Need help? Don't hesitate to reach out to us via GitHub issues or on Slack:

  https://community.getdbt.com/

Happy modeling!

[0m17:53:41.626233 [info ] [MainThread]: Setting up your profile.
[0m17:57:08.465086 [info ] [MainThread]: Profile fx_volatility written to C:\Users\matia\.dbt\profiles.yml using target's profile_template.yml and your supplied values. Run 'dbt debug' to validate the connection.
[0m17:57:08.470063 [debug] [MainThread]: Command `dbt init` succeeded at 17:57:08.470063 after 207.64 seconds
[0m17:57:08.473611 [debug] [MainThread]: Sending event: {'category': 'dbt', 'action': 'invocation', 'label': 'end', 'context': [<snowplow_tracker.self_describing_json.SelfDescribingJson object at 0x000001968D7D14C0>, <snowplow_tracker.self_describing_json.SelfDescribingJson object at 0x000001968EFA3E00>, <snowplow_tracker.self_describing_json.SelfDescribingJson object at 0x000001968EFC52B0>]}
[0m17:57:08.475626 [debug] [MainThread]: Flushing usage events
